PLINK v1.90b3.44 64-bit (17 Nov 2016)
Options in effect:
  --bfile CLOZUK_GWAS_BGE_CLUMPED_chr22
  --freq
  --out CLOZUK_GWAS_BGE_CLUMPED_chr22

Hostname: v1711-0ab8c3db.mobile.cf.ac.uk
Working directory: /Users/johnhubert/Documents/PhD scripts/Schizophrenia_PRS_pipeline_scripts
Start time: Fri Jan 20 14:57:16 2017

Random number seed: 1484924236
8192 MB RAM detected; reserving 4096 MB for main workspace.
22924 variants loaded from .bim file.
35802 people (20520 males, 15280 females, 2 ambiguous) loaded from .fam.
Ambiguous sex IDs written to CLOZUK_GWAS_BGE_CLUMPED_chr22.nosex .
Using 1 thread (no multithreaded calculations invoked).
Before main variant filters, 35802 founders and 0 nonfounders present.
Calculating allele frequencies... done.
Total genotyping rate is 0.962715.
--freq: Allele frequencies (founders only) written to
CLOZUK_GWAS_BGE_CLUMPED_chr22.frq .

End time: Fri Jan 20 14:57:16 2017
